0 verbose cli /usr/local/nvm/versions/node/v16.4.0/bin/node /usr/local/nvm/versions/node/v16.4.0/bin/npm
1 info using npm@8.19.2
2 info using node@v16.4.0
3 timing npm:load:whichnode Completed in 0ms
4 timing config:load:defaults Completed in 1ms
5 timing config:load:file:/usr/local/nvm/versions/node/v16.4.0/lib/node_modules/npm/npmrc Completed in 0ms
6 timing config:load:builtin Completed in 1ms
7 timing config:load:cli Completed in 1ms
8 timing config:load:env Completed in 1ms
9 timing config:load:file:/home/user532/sample-Firestore/external/.npmrc Completed in 0ms
10 timing config:load:project Completed in 2ms
11 timing config:load:file:/home/user532/.npmrc Completed in 0ms
12 timing config:load:user Completed in 0ms
13 timing config:load:file:/usr/local/nvm/versions/node/v16.4.0/etc/npmrc Completed in 0ms
14 timing config:load:global Completed in 0ms
15 timing config:load:validate Completed in 0ms
16 timing config:load:credentials Completed in 1ms
17 timing config:load:setEnvs Completed in 1ms
18 timing config:load Completed in 10ms
19 timing npm:load:configload Completed in 10ms
20 timing npm:load:mkdirpcache Completed in 2ms
21 timing npm:load:mkdirplogs Completed in 1ms
22 verbose title npm install
23 verbose argv "install"
24 timing npm:load:setTitle Completed in 1ms
25 timing config:load:flatten Completed in 3ms
26 timing npm:load:display Completed in 5ms
27 verbose logfile logs-max:10 dir:/home/user532/.npm/_logs
28 verbose logfile /home/user532/.npm/_logs/2022-10-06T14_18_26_956Z-debug-0.log
29 timing npm:load:logFile Completed in 5ms
30 timing npm:load:timers Completed in 0ms
31 timing npm:load:configScope Completed in 0ms
32 timing npm:load Completed in 25ms
33 timing arborist:ctor Completed in 1ms
34 silly logfile start cleaning logs, removing 1 files
35 silly logfile done cleaning log files
36 timing idealTree:init Completed in 9ms
37 timing idealTree:userRequests Completed in 0ms
38 silly idealTree buildDeps
39 timing idealTree:#root Completed in 0ms
40 timing idealTree:buildDeps Completed in 2ms
41 timing idealTree:fixDepFlags Completed in 0ms
42 timing idealTree Completed in 11ms
43 timing reify:loadTrees Completed in 13ms
44 timing reify:diffTrees Completed in 0ms
45 silly reify moves {}
46 timing reify:retireShallow Completed in 1ms
47 timing reify:createSparse Completed in 0ms
48 timing reify:loadBundles Completed in 0ms
49 silly audit report null
50 timing reify:audit Completed in 1ms
51 timing reify:unpack Completed in 0ms
52 timing reify:unretire Completed in 0ms
53 timing build:queue Completed in 0ms
54 timing build:deps Completed in 0ms
55 timing build Completed in 1ms
56 timing reify:build Completed in 1ms
57 timing reify:trash Completed in 0ms
58 timing reify:save Completed in 1ms
59 timing reify Completed in 34ms
60 timing command:install Completed in 38ms
61 verbose stack Error: ENOENT: no such file or directory, open '/home/user532/sample-Firestore/external/package.json'
62 verbose cwd /home/user532/sample-Firestore/external
63 verbose Linux 5.10.133+
64 verbose node v16.4.0
65 verbose npm  v8.19.2
66 error code ENOENT
67 error syscall open
68 error path /home/user532/sample-Firestore/external/package.json
69 error errno -2
70 error enoent ENOENT: no such file or directory, open '/home/user532/sample-Firestore/external/package.json'
71 error enoent This is related to npm not being able to find a file.
71 error enoent
72 verbose exit -2
73 timing npm Completed in 185ms
74 verbose code -2
75 error A complete log of this run can be found in:
75 error     /home/user532/.npm/_logs/2022-10-06T14_18_26_956Z-debug-0.log
