0 verbose cli /usr/local/nvm/versions/node/v16.4.0/bin/node /usr/local/nvm/versions/node/v16.4.0/bin/npm
1 info using npm@8.19.2
2 info using node@v16.4.0
3 timing npm:load:whichnode Completed in 0ms
4 timing config:load:defaults Completed in 2ms
5 timing config:load:file:/usr/local/nvm/versions/node/v16.4.0/lib/node_modules/npm/npmrc Completed in 1ms
6 timing config:load:builtin Completed in 1ms
7 timing config:load:cli Completed in 2ms
8 timing config:load:env Completed in 0ms
9 timing config:load:file:/home/user532/sample-Firestore/external/.npmrc Completed in 1ms
10 timing config:load:project Completed in 3ms
11 timing config:load:file:/home/user532/.npmrc Completed in 0ms
12 timing config:load:user Completed in 0ms
13 timing config:load:file:/usr/local/nvm/versions/node/v16.4.0/etc/npmrc Completed in 0ms
14 timing config:load:global Completed in 0ms
15 timing config:load:validate Completed in 1ms
16 timing config:load:credentials Completed in 0ms
17 timing config:load:setEnvs Completed in 1ms
18 timing config:load Completed in 10ms
19 timing npm:load:configload Completed in 10ms
20 timing npm:load:mkdirpcache Completed in 5ms
21 timing npm:load:mkdirplogs Completed in 1ms
22 verbose title npm install
23 verbose argv "install"
24 timing npm:load:setTitle Completed in 1ms
25 timing config:load:flatten Completed in 4ms
26 timing npm:load:display Completed in 5ms
27 verbose logfile logs-max:10 dir:/home/user532/.npm/_logs
28 verbose logfile /home/user532/.npm/_logs/2022-10-05T22_04_43_695Z-debug-0.log
29 timing npm:load:logFile Completed in 7ms
30 timing npm:load:timers Completed in 0ms
31 timing npm:load:configScope Completed in 0ms
32 timing npm:load Completed in 31ms
33 timing arborist:ctor Completed in 1ms
34 silly logfile start cleaning logs, removing 1 files
35 silly logfile done cleaning log files
36 timing idealTree:init Completed in 418ms
37 timing idealTree:userRequests Completed in 0ms
38 silly idealTree buildDeps
39 timing idealTree:#root Completed in 0ms
40 timing idealTree:buildDeps Completed in 2ms
41 timing idealTree:fixDepFlags Completed in 0ms
42 timing idealTree Completed in 428ms
43 timing reify:loadTrees Completed in 434ms
44 timing reify:diffTrees Completed in 6ms
45 silly reify moves {}
46 timing reify:retireShallow Completed in 2ms
47 timing reify:createSparse Completed in 110ms
48 timing reify:loadBundles Completed in 0ms
49 silly audit bulk request {
49 silly audit   '@ampproject/remapping': [ '2.1.2' ],
49 silly audit   '@babel/code-frame': [ '7.16.7' ],
49 silly audit   '@babel/compat-data': [ '7.17.0' ],
49 silly audit   '@babel/core': [ '7.17.5' ],
49 silly audit   debug: [ '4.3.3', '2.6.9', '3.2.6', '4.1.1' ],
49 silly audit   ms: [ '2.1.2', '2.0.0', '2.1.3', '2.1.1' ],
49 silly audit   semver: [ '6.3.0', '5.7.1' ],
49 silly audit   '@babel/generator': [ '7.17.3' ],
49 silly audit   'source-map': [ '0.5.7', '0.6.1' ],
49 silly audit   '@babel/helper-compilation-targets': [ '7.16.7' ],
49 silly audit   '@babel/helper-environment-visitor': [ '7.16.7' ],
49 silly audit   '@babel/helper-function-name': [ '7.16.7' ],
49 silly audit   '@babel/helper-get-function-arity': [ '7.16.7' ],
49 silly audit   '@babel/helper-hoist-variables': [ '7.16.7' ],
49 silly audit   '@babel/helper-module-imports': [ '7.16.7' ],
49 silly audit   '@babel/helper-module-transforms': [ '7.17.6' ],
49 silly audit   '@babel/helper-simple-access': [ '7.16.7' ],
49 silly audit   '@babel/helper-split-export-declaration': [ '7.16.7' ],
49 silly audit   '@babel/helper-validator-identifier': [ '7.16.7' ],
49 silly audit   '@babel/helper-validator-option': [ '7.16.7' ],
49 silly audit   '@babel/helpers': [ '7.17.2' ],
49 silly audit   '@babel/highlight': [ '7.16.10' ],
49 silly audit   'ansi-styles': [ '3.2.1', '4.3.0' ],
49 silly audit   chalk: [ '2.4.2', '4.1.2' ],
49 silly audit   'color-convert': [ '1.9.3', '2.0.1' ],
49 silly audit   'color-name': [ '1.1.3', '1.1.4' ],
49 silly audit   'escape-string-regexp': [ '1.0.5', '4.0.0' ],
49 silly audit   'has-flag': [ '3.0.0', '4.0.0' ],
49 silly audit   'supports-color': [ '5.5.0', '7.2.0', '8.1.1' ],
49 silly audit   '@babel/parser': [ '7.17.3' ],
49 silly audit   '@babel/template': [ '7.16.7' ],
49 silly audit   '@babel/traverse': [ '7.17.3' ],
49 silly audit   '@babel/types': [ '7.17.0' ],
49 silly audit   '@istanbuljs/load-nyc-config': [ '1.1.0' ],
49 silly audit   argparse: [ '1.0.10', '2.0.1' ],
49 silly audit   'find-up': [ '4.1.0', '5.0.0' ],
49 silly audit   'js-yaml': [ '3.14.1', '4.1.0' ],
49 silly audit   'locate-path': [ '5.0.0', '6.0.0' ],
49 silly audit   'p-limit': [ '2.3.0', '3.1.0' ],
49 silly audit   'p-locate': [ '4.1.0', '5.0.0' ],
49 silly audit   '@istanbuljs/schema': [ '0.1.3' ],
49 silly audit   '@jridgewell/resolve-uri': [ '3.0.5' ],
49 silly audit   '@jridgewell/sourcemap-codec': [ '1.4.11' ],
49 silly audit   '@jridgewell/trace-mapping': [ '0.3.4' ],
49 silly audit   '@ungap/promise-all-settled': [ '1.1.2' ],
49 silly audit   accepts: [ '1.3.7' ],
49 silly audit   'aggregate-error': [ '3.1.0' ],
49 silly audit   ajv: [ '6.12.6' ],
49 silly audit   'ansi-colors': [ '4.1.1' ],
49 silly audit   'ansi-regex': [ '5.0.1' ],
49 silly audit   anymatch: [ '3.1.2' ],
49 silly audit   'append-transform': [ '2.0.0' ],
49 silly audit   archy: [ '1.0.0' ],
49 silly audit   'array-flatten': [ '1.1.1' ],
49 silly audit   asn1: [ '0.2.4' ],
49 silly audit   'assert-plus': [ '1.0.0' ],
49 silly audit   'assertion-error': [ '1.1.0' ],
49 silly audit   asynckit: [ '0.4.0' ],
49 silly audit   'aws-sign2': [ '0.7.0' ],
49 silly audit   aws4: [ '1.9.1' ],
49 silly audit   'balanced-match': [ '1.0.0' ],
49 silly audit   'bcrypt-pbkdf': [ '1.0.2' ],
49 silly audit   'binary-extensions': [ '2.2.0' ],
49 silly audit   'body-parser': [ '1.19.0' ],
49 silly audit   qs: [ '6.7.0', '6.8.0', '6.5.2' ],
49 silly audit   'brace-expansion': [ '1.1.11' ],
49 silly audit   braces: [ '3.0.2' ],
49 silly audit   'browser-stdout': [ '1.3.1' ],
49 silly audit   browserslist: [ '4.19.3' ],
49 silly audit   bytes: [ '3.1.0' ],
49 silly audit   'caching-transform': [ '4.0.0' ],
49 silly audit   camelcase: [ '5.3.1', '6.3.0' ],
49 silly audit   'caniuse-lite': [ '1.0.30001312' ],
49 silly audit   caseless: [ '0.12.0' ],
49 silly audit   chai: [ '4.2.0' ],
49 silly audit   'check-error': [ '1.0.2' ],
49 silly audit   chokidar: [ '3.5.3' ],
49 silly audit   'clean-stack': [ '2.2.0' ],
49 silly audit   cliui: [ '7.0.4', '6.0.0' ],
49 silly audit   'combined-stream': [ '1.0.8' ],
49 silly audit   commander: [ '2.20.3' ],
49 silly audit   commondir: [ '1.0.1' ],
49 silly audit   'component-emitter': [ '1.3.0' ],
49 silly audit   'concat-map': [ '0.0.1' ],
49 silly audit   'content-disposition': [ '0.5.3' ],
49 silly audit   'content-type': [ '1.0.4' ],
49 silly audit   'convert-source-map': [ '1.8.0' ],
49 silly audit   cookie: [ '0.4.0' ],
49 silly audit   'cookie-signature': [ '1.0.6' ],
49 silly audit   cookiejar: [ '2.1.2' ],
49 silly audit   'core-util-is': [ '1.0.2' ],
49 silly audit   'cross-spawn': [ '7.0.3' ],
49 silly audit   dashdash: [ '1.14.1' ],
49 silly audit   decamelize: [ '1.2.0', '4.0.0' ],
49 silly audit   'deep-eql': [ '3.0.1' ],
49 silly audit   'deep-equal': [ '1.1.0' ],
49 silly audit   'default-require-extensions': [ '3.0.0' ],
49 silly audit   'define-properties': [ '1.1.3' ],
49 silly audit   'delayed-stream': [ '1.0.0' ],
49 silly audit   depd: [ '1.1.2' ],
49 silly audit   destroy: [ '1.0.4' ],
49 silly audit   diff: [ '5.0.0' ],
49 silly audit   'ecc-jsbn': [ '0.1.2' ],
49 silly audit   'ee-first': [ '1.1.1' ],
49 silly audit   'electron-to-chromium': [ '1.4.75' ],
49 silly audit   'emoji-regex': [ '8.0.0' ],
49 silly audit   encodeurl: [ '1.0.2' ],
49 silly audit   'es6-error': [ '4.1.1' ],
49 silly audit   escalade: [ '3.1.1' ],
49 silly audit   'escape-html': [ '1.0.3' ],
49 silly audit   esprima: [ '4.0.1' ],
49 silly audit   etag: [ '1.8.1' ],
49 silly audit   express: [ '4.17.1' ],
49 silly audit   'express-handlebars': [ '6.0.2' ],
49 silly audit   extend: [ '3.0.2' ],
49 silly audit   extsprintf: [ '1.3.0' ],
49 silly audit   'fast-deep-equal': [ '3.1.1' ],
49 silly audit   'fast-json-stable-stringify': [ '2.1.0' ],
49 silly audit   'fill-range': [ '7.0.1' ],
49 silly audit   finalhandler: [ '1.1.2' ],
49 silly audit   'find-cache-dir': [ '3.3.2' ],
49 silly audit   flat: [ '5.0.2' ],
49 silly audit   'foreground-child': [ '2.0.0' ],
49 silly audit   'forever-agent': [ '0.6.1' ],
49 silly audit   'form-data': [ '2.5.0', '2.3.3' ],
49 silly audit   formidable: [ '1.2.1' ],
49 silly audit   forwarded: [ '0.1.2' ],
49 silly audit   fresh: [ '0.5.2' ],
49 silly audit   fromentries: [ '1.3.2' ],
49 silly audit   'fs.realpath': [ '1.0.0' ],
49 silly audit   fsevents: [ '2.3.2' ],
49 silly audit   'function-bind': [ '1.1.1' ],
49 silly audit   gensync: [ '1.0.0-beta.2' ],
49 silly audit   'get-caller-file': [ '2.0.5' ],
49 silly audit   'get-func-name': [ '2.0.0' ],
49 silly audit   'get-package-type': [ '0.1.0' ],
49 silly audit   getpass: [ '0.1.7' ],
49 silly audit   glob: [ '7.2.0' ],
49 silly audit   'glob-parent': [ '5.1.2' ],
49 silly audit   globals: [ '11.12.0' ],
49 silly audit   'graceful-fs': [ '4.2.9' ],
49 silly audit   growl: [ '1.10.5' ],
49 silly audit   handlebars: [ '4.7.7' ],
49 silly audit   'har-schema': [ '2.0.0' ],
49 silly audit   'har-validator': [ '5.1.3' ],
49 silly audit   has: [ '1.0.3' ],
49 silly audit   hasha: [ '5.2.2' ],
49 silly audit   he: [ '1.2.0' ],
49 silly audit   'html-escaper': [ '2.0.2' ],
49 silly audit   'http-errors': [ '1.7.2' ],
49 silly audit   inherits: [ '2.0.3', '2.0.4' ],
49 silly audit   'http-signature': [ '1.2.0' ],
49 silly audit   'iconv-lite': [ '0.4.24' ],
49 silly audit   imurmurhash: [ '0.1.4' ],
49 silly audit   'indent-string': [ '4.0.0' ],
49 silly audit   inflight: [ '1.0.6' ],
49 silly audit   'ipaddr.js': [ '1.9.0' ],
49 silly audit   'is-arguments': [ '1.0.4' ],
49 silly audit   'is-binary-path': [ '2.1.0' ],
49 silly audit   'is-date-object': [ '1.0.1' ],
49 silly audit   'is-extglob': [ '2.1.1' ],
49 silly audit   'is-fullwidth-code-point': [ '3.0.0' ],
49 silly audit   'is-glob': [ '4.0.3' ],
49 silly audit   'is-number': [ '7.0.0' ],
49 silly audit   'is-plain-obj': [ '2.1.0' ],
49 silly audit   'is-regex': [ '1.0.4' ],
49 silly audit   'is-stream': [ '2.0.1' ],
49 silly audit   'is-typedarray': [ '1.0.0' ],
49 silly audit   'is-unicode-supported': [ '0.1.0' ],
49 silly audit   'is-windows': [ '1.0.2' ],
49 silly audit   isarray: [ '1.0.0' ],
49 silly audit   isexe: [ '2.0.0' ],
49 silly audit   isstream: [ '0.1.2' ],
49 silly audit   'istanbul-lib-coverage': [ '3.2.0' ],
49 silly audit   'istanbul-lib-hook': [ '3.0.0' ],
49 silly audit   'istanbul-lib-instrument': [ '4.0.3' ],
49 silly audit   'istanbul-lib-processinfo': [ '2.0.2' ],
49 silly audit   'istanbul-lib-report': [ '3.0.0' ],
49 silly audit   'istanbul-lib-source-maps': [ '4.0.1' ],
49 silly audit   'istanbul-reports': [ '3.1.4' ],
49 silly audit   'js-tokens': [ '4.0.0' ],
49 silly audit   jsbn: [ '0.1.1' ],
49 silly audit   jsesc: [ '2.5.2' ],
49 silly audit   'json-schema': [ '0.4.0' ],
49 silly audit   'json-schema-traverse': [ '0.4.1' ],
49 silly audit   'json-stringify-safe': [ '5.0.1' ],
49 silly audit   json5: [ '2.2.0' ],
49 silly audit   jsprim: [ '1.4.2' ],
49 silly audit   lodash: [ '4.17.21' ],
49 silly audit   'lodash.flattendeep': [ '4.4.0' ],
49 silly audit   'log-symbols': [ '4.1.0' ],
49 silly audit   'make-dir': [ '3.1.0' ],
49 silly audit   'media-typer': [ '0.3.0' ],
49 silly audit   'merge-descriptors': [ '1.0.1' ],
49 silly audit   methods: [ '1.1.2' ],
49 silly audit   mime: [ '1.6.0' ],
49 silly audit   'mime-db': [ '1.40.0' ],
49 silly audit   'mime-types': [ '2.1.24' ],
49 silly audit   minimatch: [ '3.0.4' ],
49 silly audit   minimist: [ '1.2.6' ],
49 silly audit   mkdirp: [ '0.5.5' ],
49 silly audit   mocha: [ '9.2.1' ],
49 silly audit   nanoid: [ '3.2.0' ],
49 silly audit   negotiator: [ '0.6.2' ],
49 silly audit   'neo-async': [ '2.6.1' ],
49 silly audit   nock: [ '10.0.6' ],
49 silly audit   'node-preload': [ '0.2.1' ],
49 silly audit   'node-releases': [ '2.0.2' ],
49 silly audit   'normalize-path': [ '3.0.0' ],
49 silly audit   nyc: [ '15.1.0' ],
49 silly audit   'wrap-ansi': [ '6.2.0', '7.0.0' ],
49 silly audit   y18n: [ '4.0.3', '5.0.8' ],
49 silly audit   yargs: [ '15.4.1', '16.2.0' ],
49 silly audit   'yargs-parser': [ '18.1.3', '20.2.4' ],
49 silly audit   'oauth-sign': [ '0.9.0' ],
49 silly audit   'object-is': [ '1.0.1' ],
49 silly audit   'object-keys': [ '1.1.1' ],
49 silly audit   'on-finished': [ '2.3.0' ],
49 silly audit   once: [ '1.4.0' ],
49 silly audit   'p-map': [ '3.0.0' ],
49 silly audit   'p-try': [ '2.2.0' ],
49 silly audit   'package-hash': [ '4.0.0' ],
49 silly audit   parseurl: [ '1.3.3' ],
49 silly audit   'path-exists': [ '4.0.0' ],
49 silly audit   'path-is-absolute': [ '1.0.1' ],
49 silly audit   'path-key': [ '3.1.1' ],
49 silly audit   'path-to-regexp': [ '0.1.7' ],
49 silly audit   pathval: [ '1.1.1' ],
49 silly audit   'performance-now': [ '2.1.0' ],
49 silly audit   picocolors: [ '1.0.0' ],
49 silly audit   picomatch: [ '2.3.1' ],
49 silly audit   'pkg-dir': [ '4.2.0' ],
49 silly audit   'process-nextick-args': [ '2.0.1' ],
49 silly audit   'process-on-spawn': [ '1.0.0' ],
49 silly audit   propagate: [ '1.0.0' ],
49 silly audit   'proxy-addr': [ '2.0.5' ],
49 silly audit   psl: [ '1.8.0' ],
49 silly audit   punycode: [ '2.1.1' ],
49 silly audit   randombytes: [ '2.1.0' ],
49 silly audit   'range-parser': [ '1.2.1' ],
49 silly audit   'raw-body': [ '2.4.0' ],
49 silly audit   'readable-stream': [ '2.3.6' ],
49 silly audit   readdirp: [ '3.6.0' ],
49 silly audit   'regexp.prototype.flags': [ '1.2.0' ],
49 silly audit   'release-zalgo': [ '1.0.0' ],
49 silly audit   request: [ '2.88.2' ],
49 silly audit   'require-directory': [ '2.1.1' ],
49 silly audit   'require-main-filename': [ '2.0.0' ],
49 silly audit   'resolve-from': [ '5.0.0' ],
49 silly audit   rimraf: [ '3.0.2' ],
49 silly audit   'safe-buffer': [ '5.1.2' ],
49 silly audit   'safer-buffer': [ '2.1.2' ],
49 silly audit   send: [ '0.17.1' ],
49 silly audit   'serialize-javascript': [ '6.0.0' ],
49 silly audit   'serve-static': [ '1.14.1' ],
49 silly audit   'set-blocking': [ '2.0.0' ],
49 silly audit   setprototypeof: [ '1.1.1' ],
49 silly audit   'shebang-command': [ '2.0.0' ],
49 silly audit   'shebang-regex': [ '3.0.0' ],
49 silly audit   'signal-exit': [ '3.0.7' ],
49 silly audit   'spawn-wrap': [ '2.0.0' ],
49 silly audit   'sprintf-js': [ '1.0.3' ],
49 silly audit   sshpk: [ '1.16.1' ],
49 silly audit   statuses: [ '1.5.0' ],
49 silly audit   string_decoder: [ '1.1.1' ],
49 silly audit   'string-width': [ '4.2.3' ],
49 silly audit   'strip-ansi': [ '6.0.1' ],
49 silly audit   'strip-bom': [ '4.0.0' ],
49 silly audit   'strip-json-comments': [ '3.1.1' ],
49 silly audit   superagent: [ '3.8.3' ],
49 silly audit   supertest: [ '4.0.2' ],
49 silly audit   'test-exclude': [ '6.0.0' ],
49 silly audit   'to-fast-properties': [ '2.0.0' ],
49 silly audit   'to-regex-range': [ '5.0.1' ],
49 silly audit   toidentifier: [ '1.0.0' ],
49 silly audit   'tough-cookie': [ '2.5.0' ],
49 silly audit   'tunnel-agent': [ '0.6.0' ],
49 silly audit   tweetnacl: [ '0.14.5' ],
49 silly audit   'type-detect': [ '4.0.8' ],
49 silly audit   'type-fest': [ '0.8.1' ],
49 silly audit   'type-is': [ '1.6.18' ],
49 silly audit   'typedarray-to-buffer': [ '3.1.5' ],
49 silly audit   'uglify-js': [ '3.9.2' ],
49 silly audit   unpipe: [ '1.0.0' ],
49 silly audit   'uri-js': [ '4.2.2' ],
49 silly audit   'util-deprecate': [ '1.0.2' ],
49 silly audit   'utils-merge': [ '1.0.1' ],
49 silly audit   uuid: [ '3.3.3' ],
49 silly audit   vary: [ '1.1.2' ],
49 silly audit   verror: [ '1.10.0' ],
49 silly audit   which: [ '2.0.2' ],
49 silly audit   'which-module': [ '2.0.0' ],
49 silly audit   wordwrap: [ '1.0.0' ],
49 silly audit   workerpool: [ '6.2.0' ],
49 silly audit   wrappy: [ '1.0.2' ],
49 silly audit   'write-file-atomic': [ '3.0.3' ],
49 silly audit   'yargs-unparser': [ '2.0.0' ],
49 silly audit   'yocto-queue': [ '0.1.0' ]
49 silly audit }
50 verbose reify failed optional dependency /home/user532/sample-Firestore/external/node_modules/fsevents
51 silly reify mark deleted [ '/home/user532/sample-Firestore/external/node_modules/fsevents' ]
52 timing reifyNode:node_modules/fsevents Completed in 130ms
53 silly tarball no local data for wordwrap@https://registry.npmjs.org/wordwrap/-/wordwrap-1.0.0.tgz. Extracting by manifest.
54 silly tarball no local data for verror@https://registry.npmjs.org/verror/-/verror-1.10.0.tgz. Extracting by manifest.
55 silly tarball no local data for uuid@https://registry.npmjs.org/uuid/-/uuid-3.3.3.tgz. Extracting by manifest.
56 silly tarball no local data for uri-js@https://registry.npmjs.org/uri-js/-/uri-js-4.2.2.tgz. Extracting by manifest.
57 silly tarball no local data for uglify-js@https://registry.npmjs.org/uglify-js/-/uglify-js-3.9.2.tgz. Extracting by manifest.
58 silly tarball no local data for tweetnacl@https://registry.npmjs.org/tweetnacl/-/tweetnacl-0.14.5.tgz. Extracting by manifest.
59 silly tarball no local data for tunnel-agent@https://registry.npmjs.org/tunnel-agent/-/tunnel-agent-0.6.0.tgz. Extracting by manifest.
60 silly tarball no local data for tough-cookie@https://registry.npmjs.org/tough-cookie/-/tough-cookie-2.5.0.tgz. Extracting by manifest.
61 silly tarball no local data for sshpk@https://registry.npmjs.org/sshpk/-/sshpk-1.16.1.tgz. Extracting by manifest.
62 silly tarball no local data for semver@https://registry.npmjs.org/semver/-/semver-5.7.1.tgz. Extracting by manifest.
63 silly tarball no local data for request@https://registry.npmjs.org/request/-/request-2.88.2.tgz. Extracting by manifest.
64 silly tarball no local data for regexp.prototype.flags@https://registry.npmjs.org/regexp.prototype.flags/-/regexp.prototype.flags-1.2.0.tgz. Extracting by manifest.
65 silly tarball no local data for qs@https://registry.npmjs.org/qs/-/qs-6.8.0.tgz. Extracting by manifest.
66 silly tarball no local data for punycode@https://registry.npmjs.org/punycode/-/punycode-2.1.1.tgz. Extracting by manifest.
67 silly tarball no local data for psl@https://registry.npmjs.org/psl/-/psl-1.8.0.tgz. Extracting by manifest.
68 silly tarball no local data for propagate@https://registry.npmjs.org/propagate/-/propagate-1.0.0.tgz. Extracting by manifest.
69 silly tarball no local data for performance-now@https://registry.npmjs.org/performance-now/-/performance-now-2.1.0.tgz. Extracting by manifest.
70 silly tarball no local data for object-keys@https://registry.npmjs.org/object-keys/-/object-keys-1.1.1.tgz. Extracting by manifest.
71 silly tarball no local data for object-is@https://registry.npmjs.org/object-is/-/object-is-1.0.1.tgz. Extracting by manifest.
72 silly tarball no local data for oauth-sign@https://registry.npmjs.org/oauth-sign/-/oauth-sign-0.9.0.tgz. Extracting by manifest.
73 silly tarball no local data for nock@https://registry.npmjs.org/nock/-/nock-10.0.6.tgz. Extracting by manifest.
74 silly tarball no local data for neo-async@https://registry.npmjs.org/neo-async/-/neo-async-2.6.1.tgz. Extracting by manifest.
75 silly tarball no local data for mkdirp@https://registry.npmjs.org/mkdirp/-/mkdirp-0.5.5.tgz. Extracting by manifest.
76 silly tarball no local data for lodash@https://registry.npmjs.org/lodash/-/lodash-4.17.21.tgz. Extracting by manifest.
77 silly tarball no local data for jsprim@https://registry.npmjs.org/jsprim/-/jsprim-1.4.2.tgz. Extracting by manifest.
78 silly tarball no local data for json-stringify-safe@https://registry.npmjs.org/json-stringify-safe/-/json-stringify-safe-5.0.1.tgz. Extracting by manifest.
79 silly tarball no local data for json-schema-traverse@https://registry.npmjs.org/json-schema-traverse/-/json-schema-traverse-0.4.1.tgz. Extracting by manifest.
80 silly tarball no local data for json-schema@https://registry.npmjs.org/json-schema/-/json-schema-0.4.0.tgz. Extracting by manifest.
81 silly tarball no local data for jsbn@https://registry.npmjs.org/jsbn/-/jsbn-0.1.1.tgz. Extracting by manifest.
82 silly tarball no local data for isstream@https://registry.npmjs.org/isstream/-/isstream-0.1.2.tgz. Extracting by manifest.
83 silly tarball no local data for is-regex@https://registry.npmjs.org/is-regex/-/is-regex-1.0.4.tgz. Extracting by manifest.
84 silly tarball no local data for is-date-object@https://registry.npmjs.org/is-date-object/-/is-date-object-1.0.1.tgz. Extracting by manifest.
85 silly tarball no local data for is-arguments@https://registry.npmjs.org/is-arguments/-/is-arguments-1.0.4.tgz. Extracting by manifest.
86 silly tarball no local data for inherits@https://registry.npmjs.org/inherits/-/inherits-2.0.4.tgz. Extracting by manifest.
87 silly tarball no local data for http-signature@https://registry.npmjs.org/http-signature/-/http-signature-1.2.0.tgz. Extracting by manifest.
88 silly tarball no local data for has@https://registry.npmjs.org/has/-/has-1.0.3.tgz. Extracting by manifest.
89 silly tarball no local data for har-validator@https://registry.npmjs.org/har-validator/-/har-validator-5.1.3.tgz. Extracting by manifest.
90 silly tarball no local data for har-schema@https://registry.npmjs.org/har-schema/-/har-schema-2.0.0.tgz. Extracting by manifest.
91 silly tarball no local data for handlebars@https://registry.npmjs.org/handlebars/-/handlebars-4.7.7.tgz. Extracting by manifest.
92 silly tarball no local data for getpass@https://registry.npmjs.org/getpass/-/getpass-0.1.7.tgz. Extracting by manifest.
93 silly tarball no local data for function-bind@https://registry.npmjs.org/function-bind/-/function-bind-1.1.1.tgz. Extracting by manifest.
94 silly tarball no local data for forever-agent@https://registry.npmjs.org/forever-agent/-/forever-agent-0.6.1.tgz. Extracting by manifest.
95 silly tarball no local data for fast-json-stable-stringify@https://registry.npmjs.org/fast-json-stable-stringify/-/fast-json-stable-stringify-2.1.0.tgz. Extracting by manifest.
96 silly tarball no local data for fast-deep-equal@https://registry.npmjs.org/fast-deep-equal/-/fast-deep-equal-3.1.1.tgz. Extracting by manifest.
97 silly tarball no local data for extsprintf@https://registry.npmjs.org/extsprintf/-/extsprintf-1.3.0.tgz. Extracting by manifest.
98 silly tarball no local data for express-handlebars@https://registry.npmjs.org/express-handlebars/-/express-handlebars-6.0.2.tgz. Extracting by manifest.
99 silly tarball no local data for ecc-jsbn@https://registry.npmjs.org/ecc-jsbn/-/ecc-jsbn-0.1.2.tgz. Extracting by manifest.
100 silly tarball no local data for define-properties@https://registry.npmjs.org/define-properties/-/define-properties-1.1.3.tgz. Extracting by manifest.
101 silly tarball no local data for deep-equal@https://registry.npmjs.org/deep-equal/-/deep-equal-1.1.0.tgz. Extracting by manifest.
102 silly tarball no local data for dashdash@https://registry.npmjs.org/dashdash/-/dashdash-1.14.1.tgz. Extracting by manifest.
103 silly tarball no local data for commander@https://registry.npmjs.org/commander/-/commander-2.20.3.tgz. Extracting by manifest.
104 silly tarball no local data for caseless@https://registry.npmjs.org/caseless/-/caseless-0.12.0.tgz. Extracting by manifest.
105 silly tarball no local data for bcrypt-pbkdf@https://registry.npmjs.org/bcrypt-pbkdf/-/bcrypt-pbkdf-1.0.2.tgz. Extracting by manifest.
106 silly tarball no local data for aws4@https://registry.npmjs.org/aws4/-/aws4-1.9.1.tgz. Extracting by manifest.
107 silly tarball no local data for aws-sign2@https://registry.npmjs.org/aws-sign2/-/aws-sign2-0.7.0.tgz. Extracting by manifest.
108 silly tarball no local data for assert-plus@https://registry.npmjs.org/assert-plus/-/assert-plus-1.0.0.tgz. Extracting by manifest.
109 silly tarball no local data for asn1@https://registry.npmjs.org/asn1/-/asn1-0.2.4.tgz. Extracting by manifest.
110 silly tarball no local data for ajv@https://registry.npmjs.org/ajv/-/ajv-6.12.6.tgz. Extracting by manifest.
111 silly tarball no local data for qs@https://registry.npmjs.org/qs/-/qs-6.5.2.tgz. Extracting by manifest.
112 silly tarball no local data for form-data@https://registry.npmjs.org/form-data/-/form-data-2.3.3.tgz. Extracting by manifest.
113 silly tarball no local data for debug@https://registry.npmjs.org/debug/-/debug-4.1.1.tgz. Extracting by manifest.
114 http fetch POST 200 https://registry.npmjs.org/-/npm/v1/security/advisories/bulk 1417ms
115 timing auditReport:getReport Completed in 1429ms
116 silly audit report {}
117 timing auditReport:init Completed in 0ms
118 timing reify:audit Completed in 1430ms
119 timing reifyNode:node_modules/wrappy Completed in 2184ms
120 timing reifyNode:node_modules/wrap-ansi Completed in 2184ms
121 timing reifyNode:node_modules/toidentifier Completed in 2185ms
122 timing reifyNode:node_modules/to-fast-properties Completed in 2185ms
123 timing reifyNode:node_modules/shebang-command Completed in 2188ms
124 timing reifyNode:node_modules/process-nextick-args Completed in 2189ms
125 timing reifyNode:node_modules/path-is-absolute Completed in 2185ms
126 timing reifyNode:node_modules/package-hash Completed in 2185ms
127 timing reifyNode:node_modules/once Completed in 2185ms
128 timing reifyNode:node_modules/normalize-path Completed in 2183ms
129 timing reifyNode:node_modules/ms Completed in 2183ms
130 timing reifyNode:node_modules/lodash.flattendeep Completed in 2187ms
131 timing reifyNode:node_modules/is-windows Completed in 2189ms
132 timing reifyNode:node_modules/is-number Completed in 2190ms
133 timing reifyNode:node_modules/is-extglob Completed in 2190ms
134 timing reifyNode:node_modules/inflight Completed in 2190ms
135 timing reifyNode:node_modules/imurmurhash Completed in 2190ms
136 timing reifyNode:node_modules/find-cache-dir Completed in 2190ms
137 timing reifyNode:node_modules/ee-first Completed in 2190ms
138 timing reifyNode:node_modules/destroy Completed in 2193ms
139 timing reifyNode:node_modules/decamelize Completed in 2193ms
140 timing reifyNode:node_modules/convert-source-map Completed in 2193ms
141 timing reifyNode:node_modules/color-name Completed in 2194ms
142 timing reifyNode:node_modules/caching-transform Completed in 2194ms
143 timing reifyNode:node_modules/browser-stdout Completed in 2195ms
144 timing reifyNode:node_modules/brace-expansion Completed in 2196ms
145 timing reifyNode:node_modules/array-flatten Completed in 2196ms
146 timing reifyNode:node_modules/escape-html Completed in 2211ms
147 timing reifyNode:node_modules/send/node_modules/debug/node_modules/ms Completed in 2331ms
148 timing reifyNode:node_modules/nyc/node_modules/wrap-ansi Completed in 2322ms
149 timing reifyNode:node_modules/mocha/node_modules/ms Completed in 2320ms
150 timing reifyNode:node_modules/mocha/node_modules/debug/node_modules/ms Completed in 2321ms
151 timing reifyNode:node_modules/istanbul-lib-source-maps/node_modules/ms Completed in 2320ms
152 timing reifyNode:node_modules/finalhandler/node_modules/ms Completed in 2315ms
153 timing reifyNode:node_modules/express/node_modules/ms Completed in 2316ms
154 timing reifyNode:node_modules/body-parser/node_modules/ms Completed in 2312ms
155 timing reifyNode:node_modules/@babel/traverse/node_modules/ms Completed in 2311ms
156 timing reifyNode:node_modules/@babel/highlight/node_modules/has-flag Completed in 2312ms
157 timing reifyNode:node_modules/@babel/highlight/node_modules/escape-string-regexp Completed in 2311ms
158 timing reifyNode:node_modules/@babel/highlight/node_modules/ansi-styles Completed in 2312ms
159 timing reifyNode:node_modules/@babel/core/node_modules/ms Completed in 2312ms
160 timing reifyNode:node_modules/yocto-queue Completed in 2348ms
161 timing reifyNode:node_modules/which-module Completed in 2347ms
162 timing reifyNode:node_modules/vary Completed in 2348ms
163 timing reifyNode:node_modules/utils-merge Completed in 2347ms
164 timing reifyNode:node_modules/unpipe Completed in 2352ms
165 timing reifyNode:node_modules/type-is Completed in 2352ms
166 timing reifyNode:node_modules/to-regex-range Completed in 2352ms
167 timing reifyNode:node_modules/supports-color Completed in 2353ms
168 timing reifyNode:node_modules/strip-json-comments Completed in 2354ms
169 timing reifyNode:node_modules/strip-bom Completed in 2354ms
170 timing reifyNode:node_modules/strip-ansi Completed in 2353ms
171 timing reifyNode:node_modules/string-width Completed in 2354ms
172 timing reifyNode:node_modules/signal-exit Completed in 2355ms
173 timing reifyNode:node_modules/shebang-regex Completed in 2355ms
174 timing reifyNode:node_modules/set-blocking Completed in 2355ms
175 timing reifyNode:node_modules/serialize-javascript Completed in 2355ms
176 timing reifyNode:node_modules/resolve-from Completed in 2358ms
177 timing reifyNode:node_modules/require-main-filename Completed in 2358ms
178 timing reifyNode:node_modules/range-parser Completed in 2358ms
179 timing reifyNode:node_modules/process-on-spawn Completed in 2359ms
180 timing reifyNode:node_modules/pkg-dir Completed in 2359ms
181 timing reifyNode:node_modules/path-to-regexp Completed in 2368ms
182 timing reifyNode:node_modules/path-key Completed in 2368ms
183 timing reifyNode:node_modules/path-exists Completed in 2365ms
184 timing reifyNode:node_modules/parseurl Completed in 2365ms
185 timing reifyNode:node_modules/p-try Completed in 2366ms
186 timing reifyNode:node_modules/p-map Completed in 2366ms
187 timing reifyNode:node_modules/p-locate Completed in 2366ms
188 timing reifyNode:node_modules/p-limit Completed in 2366ms
189 timing reifyNode:node_modules/on-finished Completed in 2366ms
190 timing reifyNode:node_modules/mime-types Completed in 2364ms
191 timing reifyNode:node_modules/methods Completed in 2365ms
192 timing reifyNode:node_modules/merge-descriptors Completed in 2365ms
193 timing reifyNode:node_modules/media-typer Completed in 2364ms
194 timing reifyNode:node_modules/make-dir Completed in 2365ms
195 timing reifyNode:node_modules/locate-path Completed in 2365ms
196 timing reifyNode:node_modules/is-unicode-supported Completed in 2381ms
197 timing reifyNode:node_modules/is-typedarray Completed in 2382ms
198 timing reifyNode:node_modules/is-stream Completed in 2382ms
199 timing reifyNode:node_modules/is-plain-obj Completed in 2382ms
200 timing reifyNode:node_modules/is-glob Completed in 2383ms
201 timing reifyNode:node_modules/is-fullwidth-code-point Completed in 2383ms
202 timing reifyNode:node_modules/is-binary-path Completed in 2383ms
203 timing reifyNode:node_modules/indent-string Completed in 2383ms
204 timing reifyNode:node_modules/has-flag Completed in 2383ms
205 timing reifyNode:node_modules/glob-parent Completed in 2384ms
206 timing reifyNode:node_modules/get-func-name Completed in 2384ms
207 timing reifyNode:node_modules/fromentries Completed in 2384ms
208 timing reifyNode:node_modules/fresh Completed in 2385ms
209 timing reifyNode:node_modules/forwarded Completed in 2385ms
210 timing reifyNode:node_modules/find-up Completed in 2385ms
211 timing reifyNode:node_modules/finalhandler Completed in 2385ms
212 timing reifyNode:node_modules/fill-range Completed in 2385ms
213 timing reifyNode:node_modules/etag Completed in 2385ms
214 timing reifyNode:node_modules/escape-string-regexp Completed in 2388ms
215 timing reifyNode:node_modules/encodeurl Completed in 2389ms
216 timing reifyNode:node_modules/default-require-extensions Completed in 2389ms
217 timing reifyNode:node_modules/cookiejar Completed in 2390ms
218 timing reifyNode:node_modules/cookie-signature Completed in 2390ms
219 timing reifyNode:node_modules/content-type Completed in 2389ms
220 timing reifyNode:node_modules/component-emitter Completed in 2390ms
221 timing reifyNode:node_modules/clean-stack Completed in 2391ms
222 timing reifyNode:node_modules/camelcase Completed in 2391ms
223 timing reifyNode:node_modules/bytes Completed in 2391ms
224 timing reifyNode:node_modules/balanced-match Completed in 2391ms
225 timing reifyNode:node_modules/assertion-error Completed in 2392ms
226 timing reifyNode:node_modules/append-transform Completed in 2392ms
227 timing reifyNode:node_modules/ansi-regex Completed in 2392ms
228 timing reifyNode:node_modules/aggregate-error Completed in 2392ms
229 timing reifyNode:node_modules/accepts Completed in 2392ms
230 timing reifyNode:node_modules/anymatch Completed in 2394ms
231 timing reifyNode:node_modules/@babel/highlight Completed in 2393ms
232 timing reifyNode:node_modules/@babel/helper-hoist-variables Completed in 2392ms
233 timing reifyNode:node_modules/@babel/helper-get-function-arity Completed in 2393ms
234 timing reifyNode:node_modules/@babel/helper-function-name Completed in 2393ms
235 timing reifyNode:node_modules/@babel/helper-environment-visitor Completed in 2393ms
236 timing reifyNode:node_modules/@babel/code-frame Completed in 2393ms
237 timing reifyNode:node_modules/@babel/helper-simple-access Completed in 2396ms
238 timing reifyNode:node_modules/@babel/helper-split-export-declaration Completed in 2397ms
239 timing reifyNode:node_modules/yargs-unparser/node_modules/decamelize Completed in 2506ms
240 timing reifyNode:node_modules/yargs-unparser/node_modules/camelcase Completed in 2508ms
241 timing reifyNode:node_modules/pkg-dir/node_modules/p-locate Completed in 2501ms
242 timing reifyNode:node_modules/pkg-dir/node_modules/p-limit Completed in 2502ms
243 timing reifyNode:node_modules/pkg-dir/node_modules/locate-path Completed in 2502ms
244 timing reifyNode:node_modules/pkg-dir/node_modules/find-up Completed in 2503ms
245 timing reifyNode:node_modules/nyc/node_modules/y18n Completed in 2498ms
246 timing reifyNode:node_modules/nyc/node_modules/p-locate Completed in 2497ms
247 timing reifyNode:node_modules/nyc/node_modules/p-limit Completed in 2498ms
248 timing reifyNode:node_modules/nyc/node_modules/locate-path Completed in 2498ms
249 timing reifyNode:node_modules/nyc/node_modules/find-up Completed in 2499ms
250 timing reifyNode:node_modules/istanbul-lib-report/node_modules/supports-color Completed in 2495ms
251 timing reifyNode:node_modules/http-errors/node_modules/inherits Completed in 2493ms
252 timing reifyNode:node_modules/chalk/node_modules/supports-color Completed in 2488ms
253 timing reifyNode:node_modules/@istanbuljs/load-nyc-config/node_modules/p-locate Completed in 2486ms
254 timing reifyNode:node_modules/@istanbuljs/load-nyc-config/node_modules/p-limit Completed in 2486ms
255 timing reifyNode:node_modules/@istanbuljs/load-nyc-config/node_modules/locate-path Completed in 2486ms
256 timing reifyNode:node_modules/@istanbuljs/load-nyc-config/node_modules/find-up Completed in 2487ms
257 timing reifyNode:node_modules/@babel/highlight/node_modules/supports-color Completed in 2487ms
258 timing reifyNode:node_modules/yargs-unparser Completed in 2522ms
259 timing reifyNode:node_modules/util-deprecate Completed in 2520ms
260 timing reifyNode:node_modules/write-file-atomic Completed in 2522ms
261 timing reifyNode:node_modules/proxy-addr Completed in 2518ms
262 timing reifyNode:node_modules/pathval Completed in 2517ms
263 timing reifyNode:node_modules/minimatch Completed in 2509ms
264 timing reifyNode:node_modules/log-symbols Completed in 2509ms
265 timing reifyNode:node_modules/js-tokens Completed in 2508ms
266 timing reifyNode:node_modules/http-errors Completed in 2511ms
267 timing reifyNode:node_modules/fs.realpath Completed in 2511ms
268 timing reifyNode:node_modules/foreground-child Completed in 2511ms
269 timing reifyNode:node_modules/get-caller-file Completed in 2513ms
270 timing reifyNode:node_modules/cookie Completed in 2514ms
271 timing reifyNode:node_modules/combined-stream Completed in 2515ms
272 timing reifyNode:node_modules/ansi-styles Completed in 2535ms
273 timing reifyNode:node_modules/@istanbuljs/load-nyc-config Completed in 2537ms
274 timing reifyNode:node_modules/which Completed in 2712ms
275 timing reifyNode:node_modules/supertest Completed in 2712ms
276 timing reifyNode:node_modules/string_decoder Completed in 2712ms
277 timing reifyNode:node_modules/setprototypeof Completed in 2714ms
278 timing reifyNode:node_modules/serve-static Completed in 2714ms
279 timing reifyNode:node_modules/safe-buffer Completed in 2714ms
280 timing reifyNode:node_modules/readdirp Completed in 2714ms
281 timing reifyNode:node_modules/picocolors Completed in 2714ms
282 timing reifyNode:node_modules/istanbul-lib-processinfo Completed in 2708ms
283 timing reifyNode:node_modules/hasha Completed in 2707ms
284 timing reifyNode:node_modules/globals Completed in 2708ms
285 timing reifyNode:node_modules/delayed-stream Completed in 2708ms
286 timing reifyNode:node_modules/content-disposition Completed in 2709ms
287 timing reifyNode:node_modules/check-error Completed in 2709ms
288 timing reifyNode:node_modules/binary-extensions Completed in 2709ms
289 timing reifyNode:node_modules/@istanbuljs/schema Completed in 2711ms
290 timing reifyNode:node_modules/@babel/helper-validator-option Completed in 2710ms
291 timing reifyNode:node_modules/nyc/node_modules/cliui Completed in 2797ms
292 timing reifyNode:node_modules/@babel/highlight/node_modules/color-name Completed in 2783ms
293 timing reifyNode:node_modules/typedarray-to-buffer Completed in 2818ms
294 timing reifyNode:node_modules/type-detect Completed in 2819ms
295 timing reifyNode:node_modules/send Completed in 2818ms
296 timing reifyNode:node_modules/rimraf Completed in 2818ms
297 timing reifyNode:node_modules/require-directory Completed in 2818ms
298 timing reifyNode:node_modules/raw-body Completed in 2818ms
299 timing reifyNode:node_modules/randombytes Completed in 2818ms
300 timing reifyNode:node_modules/isarray Completed in 2818ms
301 timing reifyNode:node_modules/commondir Completed in 2816ms
302 timing reifyNode:node_modules/statuses Completed in 2926ms
303 timing reifyNode:node_modules/istanbul-lib-hook Completed in 2921ms
304 timing reifyNode:node_modules/get-package-type Completed in 2919ms
305 timing reifyNode:node_modules/deep-eql Completed in 2917ms
306 timing reifyNode:node_modules/core-util-is Completed in 2918ms
307 timing reifyNode:node_modules/concat-map Completed in 2917ms
308 timing reifyNode:node_modules/color-convert Completed in 2917ms
309 timing reifyNode:node_modules/ansi-colors Completed in 2916ms
310 timing reifyNode:node_modules/@babel/helper-validator-identifier Completed in 2918ms
311 timing reifyNode:node_modules/mocha/node_modules/debug Completed in 2997ms
312 timing reifyNode:node_modules/istanbul-lib-source-maps/node_modules/debug Completed in 2996ms
313 timing reifyNode:node_modules/@babel/traverse/node_modules/debug Completed in 2986ms
314 timing reifyNode:node_modules/@babel/highlight/node_modules/color-convert Completed in 2986ms
315 timing reifyNode:node_modules/@babel/core/node_modules/debug Completed in 2984ms
316 timing reifyNode:node_modules/test-exclude Completed in 3018ms
317 timing reifyNode:node_modules/safer-buffer Completed in 3025ms
318 timing reifyNode:node_modules/release-zalgo Completed in 3024ms
319 timing reifyNode:node_modules/isexe Completed in 3016ms
320 timing reifyNode:node_modules/graceful-fs Completed in 3015ms
321 timing reifyNode:node_modules/flat Completed in 3015ms
322 timing reifyNode:node_modules/extend Completed in 3014ms
323 timing reifyNode:node_modules/es6-error Completed in 3014ms
324 timing reifyNode:node_modules/@ungap/promise-all-settled Completed in 3011ms
325 timing reifyNode:node_modules/@babel/helper-module-imports Completed in 3012ms
326 timing reifyNode:node_modules/@babel/highlight/node_modules/chalk Completed in 3058ms
327 timing reifyNode:node_modules/negotiator Completed in 3076ms
328 timing reifyNode:node_modules/ipaddr.js Completed in 3073ms
329 timing reifyNode:node_modules/glob Completed in 3074ms
330 timing reifyNode:node_modules/gensync Completed in 3073ms
331 timing reifyNode:node_modules/form-data Completed in 3074ms
332 timing reifyNode:node_modules/escalade Completed in 3072ms
333 timing reifyNode:node_modules/chalk Completed in 3070ms
334 timing reifyNode:node_modules/node-releases Completed in 3109ms
335 timing reifyNode:node_modules/jsesc Completed in 3107ms
336 timing reifyNode:node_modules/emoji-regex Completed in 3102ms
337 timing reifyNode:node_modules/cross-spawn Completed in 3102ms
338 timing reifyNode:node_modules/archy Completed in 3101ms
339 timing reifyNode:node_modules/@babel/helper-compilation-targets Completed in 3098ms
340 timing reifyNode:node_modules/node-preload Completed in 3139ms
341 timing reifyNode:node_modules/@babel/helper-module-transforms Completed in 3128ms
342 timing reifyNode:node_modules/nyc/node_modules/yargs-parser Completed in 3168ms
343 timing reifyNode:node_modules/istanbul-lib-instrument/node_modules/semver Completed in 3163ms
344 timing reifyNode:node_modules/make-dir/node_modules/semver Completed in 3165ms
345 timing reifyNode:node_modules/@babel/helper-compilation-targets/node_modules/semver Completed in 3154ms
346 timing reifyNode:node_modules/@babel/core/node_modules/semver Completed in 3154ms
347 timing reifyNode:node_modules/y18n Completed in 3189ms
348 timing reifyNode:node_modules/cliui Completed in 3165ms
349 timing reifyNode:node_modules/@jridgewell/sourcemap-codec Completed in 3165ms
350 timing reifyNode:node_modules/@jridgewell/resolve-uri Completed in 3165ms
351 timing reifyNode:node_modules/@babel/template Completed in 3165ms
352 timing reifyNode:node_modules/mime Completed in 3202ms
353 timing reifyNode:node_modules/istanbul-lib-coverage Completed in 3201ms
354 timing reifyNode:node_modules/html-escaper Completed in 3208ms
355 timing reifyNode:node_modules/istanbul-lib-source-maps Completed in 3228ms
356 timing reifyNode:node_modules/istanbul-lib-report Completed in 3228ms
357 timing reifyNode:node_modules/he Completed in 3227ms
358 timing reifyNode:node_modules/growl Completed in 3226ms
359 timing reifyNode:node_modules/debug Completed in 3223ms
360 timing reifyNode:node_modules/braces Completed in 3222ms
361 timing reifyNode:node_modules/istanbul-lib-instrument Completed in 3257ms
362 timing reifyNode:node_modules/browserslist Completed in 3251ms
363 timing reifyNode:node_modules/@jridgewell/trace-mapping Completed in 3250ms
364 timing reifyNode:node_modules/picomatch Completed in 3294ms
365 timing reifyNode:node_modules/mime-db Completed in 3285ms
366 timing reifyNode:node_modules/depd Completed in 3279ms
367 timing reifyNode:node_modules/chokidar Completed in 3277ms
368 timing reifyNode:node_modules/body-parser Completed in 3277ms
369 timing reifyNode:node_modules/argparse Completed in 3276ms
370 timing reifyNode:node_modules/yargs-parser Completed in 3323ms
371 http fetch GET 200 https://registry.npmjs.org/has/-/has-1.0.3.tgz 2884ms (cache miss)
372 timing reifyNode:node_modules/has Completed in 3316ms
373 http fetch GET 200 https://registry.npmjs.org/har-validator/-/har-validator-5.1.3.tgz 2883ms (cache miss)
374 timing reifyNode:node_modules/har-validator Completed in 3316ms
375 timing reifyNode:node_modules/@babel/compat-data Completed in 3317ms
376 http fetch GET 200 https://registry.npmjs.org/json-schema/-/json-schema-0.4.0.tgz 2936ms (cache miss)
377 timing reifyNode:node_modules/json-schema Completed in 3341ms
378 http fetch GET 200 https://registry.npmjs.org/is-date-object/-/is-date-object-1.0.1.tgz 2914ms (cache miss)
379 timing reifyNode:node_modules/is-date-object Completed in 3340ms
380 http fetch GET 200 https://registry.npmjs.org/fast-json-stable-stringify/-/fast-json-stable-stringify-2.1.0.tgz 2893ms (cache miss)
381 http fetch GET 200 https://registry.npmjs.org/fast-deep-equal/-/fast-deep-equal-3.1.1.tgz 2891ms (cache miss)
382 timing reifyNode:node_modules/asynckit Completed in 3362ms
383 http fetch GET 200 https://registry.npmjs.org/mkdirp/-/mkdirp-0.5.5.tgz 2985ms (cache miss)
384 timing reifyNode:node_modules/mkdirp Completed in 3381ms
385 http fetch GET 200 https://registry.npmjs.org/forever-agent/-/forever-agent-0.6.1.tgz 2935ms (cache miss)
386 timing reifyNode:node_modules/forever-agent Completed in 3378ms
387 http fetch GET 200 https://registry.npmjs.org/aws4/-/aws4-1.9.1.tgz 2887ms (cache miss)
388 timing reifyNode:node_modules/aws4 Completed in 3373ms
389 timing reifyNode:node_modules/@ampproject/remapping Completed in 3404ms
390 http fetch GET 200 https://registry.npmjs.org/propagate/-/propagate-1.0.0.tgz 3057ms (cache miss)
391 timing reifyNode:node_modules/propagate Completed in 3451ms
392 http fetch GET 200 https://registry.npmjs.org/object-keys/-/object-keys-1.1.1.tgz 3053ms (cache miss)
393 timing reifyNode:node_modules/object-keys Completed in 3446ms
394 http fetch GET 200 https://registry.npmjs.org/object-is/-/object-is-1.0.1.tgz 3053ms (cache miss)
395 timing reifyNode:node_modules/object-is Completed in 3446ms
396 http fetch GET 200 https://registry.npmjs.org/har-schema/-/har-schema-2.0.0.tgz 3004ms (cache miss)
397 http fetch GET 200 https://registry.npmjs.org/inherits/-/inherits-2.0.4.tgz 3013ms (cache miss)
398 timing reifyNode:node_modules/inherits Completed in 3441ms
399 timing reifyNode:node_modules/fast-deep-equal Completed in 3439ms
400 timing reifyNode:node_modules/send/node_modules/debug Completed in 3467ms
401 timing reifyNode:node_modules/finalhandler/node_modules/debug Completed in 3447ms
402 timing reifyNode:node_modules/express/node_modules/debug Completed in 3448ms
403 timing reifyNode:node_modules/body-parser/node_modules/debug Completed in 3444ms
404 timing reifyNode:node_modules/spawn-wrap Completed in 3475ms
405 http fetch GET 200 https://registry.npmjs.org/tunnel-agent/-/tunnel-agent-0.6.0.tgz 3108ms (cache miss)
406 timing reifyNode:node_modules/tunnel-agent Completed in 3482ms
407 timing reifyNode:node_modules/sprintf-js Completed in 3522ms
408 timing reifyNode:node_modules/formidable Completed in 3509ms
409 timing reifyNode:node_modules/electron-to-chromium Completed in 3507ms
410 http fetch GET 200 https://registry.npmjs.org/regexp.prototype.flags/-/regexp.prototype.flags-1.2.0.tgz 3143ms (cache miss)
411 timing reifyNode:node_modules/regexp.prototype.flags Completed in 3530ms
412 http fetch GET 200 https://registry.npmjs.org/punycode/-/punycode-2.1.1.tgz 3143ms (cache miss)
413 timing reifyNode:node_modules/punycode Completed in 3534ms
414 http fetch GET 200 https://registry.npmjs.org/oauth-sign/-/oauth-sign-0.9.0.tgz 3135ms (cache miss)
415 timing reifyNode:node_modules/oauth-sign Completed in 3528ms
416 http fetch GET 200 https://registry.npmjs.org/is-regex/-/is-regex-1.0.4.tgz 3112ms (cache miss)
417 timing reifyNode:node_modules/is-regex Completed in 3523ms
418 http fetch GET 200 https://registry.npmjs.org/function-bind/-/function-bind-1.1.1.tgz 3082ms (cache miss)
419 timing reifyNode:node_modules/function-bind Completed in 3521ms
420 http fetch GET 200 https://registry.npmjs.org/performance-now/-/performance-now-2.1.0.tgz 3163ms (cache miss)
421 http fetch GET 200 https://registry.npmjs.org/isstream/-/isstream-0.1.2.tgz 3140ms (cache miss)
422 timing reifyNode:node_modules/isstream Completed in 3549ms
423 http fetch GET 200 https://registry.npmjs.org/http-signature/-/http-signature-1.2.0.tgz 3118ms (cache miss)
424 http fetch GET 200 https://registry.npmjs.org/getpass/-/getpass-0.1.7.tgz 3110ms (cache miss)
425 timing reifyNode:node_modules/getpass Completed in 3548ms
426 http fetch GET 200 https://registry.npmjs.org/caseless/-/caseless-0.12.0.tgz 3064ms (cache miss)
427 timing reifyNode:node_modules/caseless Completed in 3545ms
428 timing reifyNode:node_modules/type-fest Completed in 3575ms
429 http fetch GET 200 https://registry.npmjs.org/verror/-/verror-1.10.0.tgz 3248ms (cache miss)
430 timing reifyNode:node_modules/verror Completed in 3593ms
431 http fetch GET 200 https://registry.npmjs.org/is-arguments/-/is-arguments-1.0.4.tgz 3150ms (cache miss)
432 timing reifyNode:node_modules/is-arguments Completed in 3576ms
433 http fetch GET 200 https://registry.npmjs.org/ecc-jsbn/-/ecc-jsbn-0.1.2.tgz 3103ms (cache miss)
434 timing reifyNode:node_modules/ecc-jsbn Completed in 3575ms
435 http fetch GET 200 https://registry.npmjs.org/aws-sign2/-/aws-sign2-0.7.0.tgz 3085ms (cache miss)
436 timing reifyNode:node_modules/aws-sign2 Completed in 3572ms
437 timing reifyNode:node_modules/minimist Completed in 3592ms
438 timing reifyNode:node_modules/@babel/helpers Completed in 3580ms
439 http fetch GET 200 https://registry.npmjs.org/json-stringify-safe/-/json-stringify-safe-5.0.1.tgz 3198ms (cache miss)
440 timing reifyNode:node_modules/json-stringify-safe Completed in 3600ms
441 http fetch GET 200 https://registry.npmjs.org/form-data/-/form-data-2.3.3.tgz 3066ms (cache miss)
442 timing reifyNode:node_modules/esprima Completed in 3600ms
443 timing reifyNode:node_modules/performance-now Completed in 3625ms
444 timing reifyNode:node_modules/http-signature Completed in 3615ms
445 http fetch GET 200 https://registry.npmjs.org/define-properties/-/define-properties-1.1.3.tgz 3138ms (cache miss)
446 timing reifyNode:node_modules/define-properties Completed in 3611ms
447 http fetch GET 200 https://registry.npmjs.org/commander/-/commander-2.20.3.tgz 3132ms (cache miss)
448 timing reifyNode:node_modules/commander Completed in 3612ms
449 http fetch GET 200 https://registry.npmjs.org/jsprim/-/jsprim-1.4.2.tgz 3234ms (cache miss)
450 timing reifyNode:node_modules/jsprim Completed in 3634ms
451 http fetch GET 200 https://registry.npmjs.org/json-schema-traverse/-/json-schema-traverse-0.4.1.tgz 3233ms (cache miss)
452 timing reifyNode:node_modules/json-schema-traverse Completed in 3636ms
453 http fetch GET 200 https://registry.npmjs.org/assert-plus/-/assert-plus-1.0.0.tgz 3147ms (cache miss)
454 timing reifyNode:node_modules/assert-plus Completed in 3636ms
455 http fetch GET 200 https://registry.npmjs.org/bcrypt-pbkdf/-/bcrypt-pbkdf-1.0.2.tgz 3154ms (cache miss)
456 timing reifyNode:node_modules/bcrypt-pbkdf Completed in 3638ms
457 timing reifyNode:node_modules/request/node_modules/form-data Completed in 3662ms
458 timing reifyNode:node_modules/fast-json-stable-stringify Completed in 3660ms
459 http fetch GET 200 https://registry.npmjs.org/deep-equal/-/deep-equal-1.1.0.tgz 3220ms (cache miss)
460 timing reifyNode:node_modules/deep-equal Completed in 3694ms
461 timing reifyNode:node_modules/nanoid Completed in 3710ms
462 timing reifyNode:node_modules/har-schema Completed in 3715ms
463 http fetch GET 200 https://registry.npmjs.org/extsprintf/-/extsprintf-1.3.0.tgz 3266ms (cache miss)
464 timing reifyNode:node_modules/extsprintf Completed in 3714ms
465 http fetch GET 200 https://registry.npmjs.org/asn1/-/asn1-0.2.4.tgz 3225ms (cache miss)
466 timing reifyNode:node_modules/asn1 Completed in 3716ms
467 timing reifyNode:node_modules/express/node_modules/qs Completed in 3733ms
468 timing reifyNode:node_modules/body-parser/node_modules/qs Completed in 3730ms
469 http fetch GET 200 https://registry.npmjs.org/tough-cookie/-/tough-cookie-2.5.0.tgz 3385ms (cache miss)
470 timing reifyNode:node_modules/tough-cookie Completed in 3762ms
471 http fetch GET 200 https://registry.npmjs.org/debug/-/debug-4.1.1.tgz 3206ms (cache miss)
472 timing reifyNode:node_modules/express Completed in 3747ms
473 http fetch GET 200 https://registry.npmjs.org/semver/-/semver-5.7.1.tgz 3386ms (cache miss)
474 timing reifyNode:node_modules/semver Completed in 3769ms
475 http fetch GET 200 https://registry.npmjs.org/jsbn/-/jsbn-0.1.1.tgz 3352ms (cache miss)
476 timing reifyNode:node_modules/jsbn Completed in 3758ms
477 http fetch GET 200 https://registry.npmjs.org/dashdash/-/dashdash-1.14.1.tgz 3285ms (cache miss)
478 timing reifyNode:node_modules/dashdash Completed in 3763ms
479 timing reifyNode:node_modules/nock/node_modules/debug Completed in 3774ms
480 timing reifyNode:node_modules/nyc Completed in 3779ms
481 timing reifyNode:node_modules/readable-stream Completed in 3788ms
482 timing reifyNode:node_modules/@babel/generator Completed in 3763ms
483 http fetch GET 200 https://registry.npmjs.org/wordwrap/-/wordwrap-1.0.0.tgz 3460ms (cache miss)
484 timing reifyNode:node_modules/wordwrap Completed in 3799ms
485 http fetch GET 200 https://registry.npmjs.org/uuid/-/uuid-3.3.3.tgz 3467ms (cache miss)
486 timing reifyNode:node_modules/uuid Completed in 3814ms
487 timing reifyNode:node_modules/json5 Completed in 3810ms
488 timing reifyNode:node_modules/@istanbuljs/load-nyc-config/node_modules/argparse Completed in 3862ms
489 timing reifyNode:node_modules/iconv-lite Completed in 3882ms
490 timing reifyNode:node_modules/workerpool Completed in 3944ms
491 http fetch GET 200 https://registry.npmjs.org/qs/-/qs-6.5.2.tgz 3430ms (cache miss)
492 timing reifyNode:node_modules/request/node_modules/qs Completed in 3978ms
493 http fetch GET 200 https://registry.npmjs.org/tweetnacl/-/tweetnacl-0.14.5.tgz 3716ms (cache miss)
494 timing reifyNode:node_modules/tweetnacl Completed in 4087ms
495 timing reifyNode:node_modules/superagent Completed in 4117ms
496 http fetch GET 200 https://registry.npmjs.org/qs/-/qs-6.8.0.tgz 3735ms (cache miss)
497 timing reifyNode:node_modules/qs Completed in 4124ms
498 timing reifyNode:node_modules/@babel/traverse Completed in 4104ms
499 timing reifyNode:node_modules/js-yaml Completed in 4145ms
500 timing reifyNode:node_modules/diff Completed in 4140ms
501 http fetch GET 200 https://registry.npmjs.org/request/-/request-2.88.2.tgz 3808ms (cache miss)
502 timing reifyNode:node_modules/request Completed in 4193ms
503 timing reifyNode:node_modules/@babel/generator/node_modules/source-map Completed in 4167ms
504 timing reifyNode:node_modules/source-map Completed in 4212ms
505 timing reifyNode:node_modules/@istanbuljs/load-nyc-config/node_modules/js-yaml Completed in 4200ms
506 http fetch GET 200 https://registry.npmjs.org/psl/-/psl-1.8.0.tgz 3875ms (cache miss)
507 timing reifyNode:node_modules/psl Completed in 4267ms
508 timing reifyNode:node_modules/nyc/node_modules/yargs Completed in 4303ms
509 http fetch GET 200 https://registry.npmjs.org/nock/-/nock-10.0.6.tgz 3922ms (cache miss)
510 timing reifyNode:node_modules/nock Completed in 4316ms
511 timing reifyNode:node_modules/yargs Completed in 4332ms
512 timing reifyNode:node_modules/chai Completed in 4377ms
513 http fetch GET 200 https://registry.npmjs.org/sshpk/-/sshpk-1.16.1.tgz 4022ms (cache miss)
514 timing reifyNode:node_modules/sshpk Completed in 4403ms
515 http fetch GET 200 https://registry.npmjs.org/express-handlebars/-/express-handlebars-6.0.2.tgz 3935ms (cache miss)
516 timing reifyNode:node_modules/express-handlebars Completed in 4401ms
517 timing reifyNode:node_modules/@babel/parser Completed in 4409ms
518 timing reifyNode:node_modules/istanbul-reports Completed in 4450ms
519 timing reifyNode:node_modules/@babel/core Completed in 4443ms
520 http fetch GET 200 https://registry.npmjs.org/uglify-js/-/uglify-js-3.9.2.tgz 4153ms (cache miss)
521 timing reifyNode:node_modules/uglify-js Completed in 4517ms
522 http fetch GET 200 https://registry.npmjs.org/neo-async/-/neo-async-2.6.1.tgz 4192ms (cache miss)
523 timing reifyNode:node_modules/neo-async Completed in 4594ms
524 http fetch GET 200 https://registry.npmjs.org/uri-js/-/uri-js-4.2.2.tgz 4258ms (cache miss)
525 timing reifyNode:node_modules/uri-js Completed in 4611ms
526 http fetch GET 200 https://registry.npmjs.org/ajv/-/ajv-6.12.6.tgz 4282ms (cache miss)
527 timing reifyNode:node_modules/ajv Completed in 4774ms
528 timing reifyNode:node_modules/@babel/types Completed in 4780ms
529 timing reifyNode:node_modules/mocha Completed in 4958ms
530 http fetch GET 200 https://registry.npmjs.org/handlebars/-/handlebars-4.7.7.tgz 4660ms (cache miss)
531 timing reifyNode:node_modules/handlebars Completed in 5096ms
532 timing reifyNode:node_modules/caniuse-lite Completed in 5563ms
533 http fetch GET 200 https://registry.npmjs.org/lodash/-/lodash-4.17.21.tgz 5245ms (cache miss)
534 timing reifyNode:node_modules/lodash Completed in 5643ms
535 timing reify:unpack Completed in 5664ms
536 timing reify:unretire Completed in 0ms
537 timing build:queue Completed in 17ms
538 timing build:link:node_modules/@babel/parser Completed in 21ms
539 timing build:link:node_modules/@babel/core/node_modules/semver Completed in 21ms
540 timing build:link:node_modules/@babel/helper-compilation-targets/node_modules/semver Completed in 21ms
541 timing build:link:node_modules/@istanbuljs/load-nyc-config/node_modules/js-yaml Completed in 21ms
542 timing build:link:node_modules/istanbul-lib-instrument/node_modules/semver Completed in 21ms
543 timing build:link:node_modules/make-dir/node_modules/semver Completed in 23ms
544 timing build:link:node_modules/browserslist Completed in 27ms
545 timing build:link:node_modules/esprima Completed in 27ms
546 timing build:link:node_modules/flat Completed in 27ms
547 timing build:link:node_modules/handlebars Completed in 26ms
548 timing build:link:node_modules/he Completed in 26ms
549 timing build:link:node_modules/js-yaml Completed in 26ms
550 timing build:link:node_modules/jsesc Completed in 29ms
551 timing build:link:node_modules/json5 Completed in 29ms
552 timing build:link:node_modules/mime Completed in 28ms
553 timing build:link:node_modules/mkdirp Completed in 28ms
554 timing build:link:node_modules/mocha Completed in 28ms
555 timing build:link:node_modules/nanoid Completed in 28ms
556 timing build:link:node_modules/nyc Completed in 28ms
557 timing build:link:node_modules/rimraf Completed in 27ms
558 timing build:link:node_modules/semver Completed in 27ms
559 timing build:link:node_modules/sshpk Completed in 28ms
560 timing build:link:node_modules/uglify-js Completed in 28ms
561 timing build:link:node_modules/uuid Completed in 28ms
562 timing build:link:node_modules/which Completed in 28ms
563 timing build:link Completed in 33ms
564 timing build:deps Completed in 51ms
565 timing build Completed in 52ms
566 timing reify:build Completed in 55ms
567 timing reify:trash Completed in 6ms
568 timing reify:save Completed in 183ms
569 timing reify Completed in 6564ms
570 silly ADD node_modules/yocto-queue
571 silly ADD node_modules/yargs-unparser
572 silly ADD node_modules/yargs-unparser/node_modules/decamelize
573 silly ADD node_modules/yargs-unparser/node_modules/camelcase
574 silly ADD node_modules/yargs-parser
575 silly ADD node_modules/yargs
576 silly ADD node_modules/y18n
577 silly ADD node_modules/write-file-atomic
578 silly ADD node_modules/wrappy
579 silly ADD node_modules/wrap-ansi
580 silly ADD node_modules/workerpool
581 silly ADD node_modules/wordwrap
582 silly ADD node_modules/which-module
583 silly ADD node_modules/which
584 silly ADD node_modules/verror
585 silly ADD node_modules/vary
586 silly ADD node_modules/uuid
587 silly ADD node_modules/utils-merge
588 silly ADD node_modules/util-deprecate
589 silly ADD node_modules/uri-js
590 silly ADD node_modules/unpipe
591 silly ADD node_modules/uglify-js
592 silly ADD node_modules/typedarray-to-buffer
593 silly ADD node_modules/type-is
594 silly ADD node_modules/type-fest
595 silly ADD node_modules/type-detect
596 silly ADD node_modules/tweetnacl
597 silly ADD node_modules/tunnel-agent
598 silly ADD node_modules/tough-cookie
599 silly ADD node_modules/toidentifier
600 silly ADD node_modules/to-regex-range
601 silly ADD node_modules/to-fast-properties
602 silly ADD node_modules/test-exclude
603 silly ADD node_modules/supports-color
604 silly ADD node_modules/supertest
605 silly ADD node_modules/superagent
606 silly ADD node_modules/strip-json-comments
607 silly ADD node_modules/strip-bom
608 silly ADD node_modules/strip-ansi
609 silly ADD node_modules/string-width
610 silly ADD node_modules/string_decoder
611 silly ADD node_modules/statuses
612 silly ADD node_modules/sshpk
613 silly ADD node_modules/sprintf-js
614 silly ADD node_modules/spawn-wrap
615 silly ADD node_modules/source-map
616 silly ADD node_modules/signal-exit
617 silly ADD node_modules/shebang-regex
618 silly ADD node_modules/shebang-command
619 silly ADD node_modules/setprototypeof
620 silly ADD node_modules/set-blocking
621 silly ADD node_modules/serve-static
622 silly ADD node_modules/serialize-javascript
623 silly ADD node_modules/send
624 silly ADD node_modules/send/node_modules/debug
625 silly ADD node_modules/send/node_modules/debug/node_modules/ms
626 silly ADD node_modules/semver
627 silly ADD node_modules/safer-buffer
628 silly ADD node_modules/safe-buffer
629 silly ADD node_modules/rimraf
630 silly ADD node_modules/resolve-from
631 silly ADD node_modules/require-main-filename
632 silly ADD node_modules/require-directory
633 silly ADD node_modules/request
634 silly ADD node_modules/request/node_modules/qs
635 silly ADD node_modules/request/node_modules/form-data
636 silly ADD node_modules/release-zalgo
637 silly ADD node_modules/regexp.prototype.flags
638 silly ADD node_modules/readdirp
639 silly ADD node_modules/readable-stream
640 silly ADD node_modules/raw-body
641 silly ADD node_modules/range-parser
642 silly ADD node_modules/randombytes
643 silly ADD node_modules/qs
644 silly ADD node_modules/punycode
645 silly ADD node_modules/psl
646 silly ADD node_modules/proxy-addr
647 silly ADD node_modules/propagate
648 silly ADD node_modules/process-on-spawn
649 silly ADD node_modules/process-nextick-args
650 silly ADD node_modules/pkg-dir
651 silly ADD node_modules/pkg-dir/node_modules/p-locate
652 silly ADD node_modules/pkg-dir/node_modules/p-limit
653 silly ADD node_modules/pkg-dir/node_modules/locate-path
654 silly ADD node_modules/pkg-dir/node_modules/find-up
655 silly ADD node_modules/picomatch
656 silly ADD node_modules/picocolors
657 silly ADD node_modules/performance-now
658 silly ADD node_modules/pathval
659 silly ADD node_modules/path-to-regexp
660 silly ADD node_modules/path-key
661 silly ADD node_modules/path-is-absolute
662 silly ADD node_modules/path-exists
663 silly ADD node_modules/parseurl
664 silly ADD node_modules/package-hash
665 silly ADD node_modules/p-try
666 silly ADD node_modules/p-map
667 silly ADD node_modules/p-locate
668 silly ADD node_modules/p-limit
669 silly ADD node_modules/once
670 silly ADD node_modules/on-finished
671 silly ADD node_modules/object-keys
672 silly ADD node_modules/object-is
673 silly ADD node_modules/oauth-sign
674 silly ADD node_modules/nyc
675 silly ADD node_modules/nyc/node_modules/yargs-parser
676 silly ADD node_modules/nyc/node_modules/yargs
677 silly ADD node_modules/nyc/node_modules/y18n
678 silly ADD node_modules/nyc/node_modules/wrap-ansi
679 silly ADD node_modules/nyc/node_modules/p-locate
680 silly ADD node_modules/nyc/node_modules/p-limit
681 silly ADD node_modules/nyc/node_modules/locate-path
682 silly ADD node_modules/nyc/node_modules/find-up
683 silly ADD node_modules/nyc/node_modules/cliui
684 silly ADD node_modules/normalize-path
685 silly ADD node_modules/node-releases
686 silly ADD node_modules/node-preload
687 silly ADD node_modules/nock
688 silly ADD node_modules/nock/node_modules/debug
689 silly ADD node_modules/neo-async
690 silly ADD node_modules/negotiator
691 silly ADD node_modules/nanoid
692 silly ADD node_modules/ms
693 silly ADD node_modules/mocha
694 silly ADD node_modules/mocha/node_modules/ms
695 silly ADD node_modules/mocha/node_modules/debug
696 silly ADD node_modules/mocha/node_modules/debug/node_modules/ms
697 silly ADD node_modules/mkdirp
698 silly ADD node_modules/minimist
699 silly ADD node_modules/minimatch
700 silly ADD node_modules/mime-types
701 silly ADD node_modules/mime-db
702 silly ADD node_modules/mime
703 silly ADD node_modules/methods
704 silly ADD node_modules/merge-descriptors
705 silly ADD node_modules/media-typer
706 silly ADD node_modules/make-dir
707 silly ADD node_modules/make-dir/node_modules/semver
708 silly ADD node_modules/log-symbols
709 silly ADD node_modules/lodash.flattendeep
710 silly ADD node_modules/lodash
711 silly ADD node_modules/locate-path
712 silly ADD node_modules/jsprim
713 silly ADD node_modules/json5
714 silly ADD node_modules/json-stringify-safe
715 silly ADD node_modules/json-schema-traverse
716 silly ADD node_modules/json-schema
717 silly ADD node_modules/jsesc
718 silly ADD node_modules/jsbn
719 silly ADD node_modules/js-yaml
720 silly ADD node_modules/js-tokens
721 silly ADD node_modules/istanbul-reports
722 silly ADD node_modules/istanbul-lib-source-maps
723 silly ADD node_modules/istanbul-lib-source-maps/node_modules/ms
724 silly ADD node_modules/istanbul-lib-source-maps/node_modules/debug
725 silly ADD node_modules/istanbul-lib-report
726 silly ADD node_modules/istanbul-lib-report/node_modules/supports-color
727 silly ADD node_modules/istanbul-lib-processinfo
728 silly ADD node_modules/istanbul-lib-instrument
729 silly ADD node_modules/istanbul-lib-instrument/node_modules/semver
730 silly ADD node_modules/istanbul-lib-hook
731 silly ADD node_modules/istanbul-lib-coverage
732 silly ADD node_modules/isstream
733 silly ADD node_modules/isexe
734 silly ADD node_modules/isarray
735 silly ADD node_modules/is-windows
736 silly ADD node_modules/is-unicode-supported
737 silly ADD node_modules/is-typedarray
738 silly ADD node_modules/is-stream
739 silly ADD node_modules/is-regex
740 silly ADD node_modules/is-plain-obj
741 silly ADD node_modules/is-number
742 silly ADD node_modules/is-glob
743 silly ADD node_modules/is-fullwidth-code-point
744 silly ADD node_modules/is-extglob
745 silly ADD node_modules/is-date-object
746 silly ADD node_modules/is-binary-path
747 silly ADD node_modules/is-arguments
748 silly ADD node_modules/ipaddr.js
749 silly ADD node_modules/inherits
750 silly ADD node_modules/inflight
751 silly ADD node_modules/indent-string
752 silly ADD node_modules/imurmurhash
753 silly ADD node_modules/iconv-lite
754 silly ADD node_modules/http-signature
755 silly ADD node_modules/http-errors
756 silly ADD node_modules/http-errors/node_modules/inherits
757 silly ADD node_modules/html-escaper
758 silly ADD node_modules/he
759 silly ADD node_modules/hasha
760 silly ADD node_modules/has-flag
761 silly ADD node_modules/has
762 silly ADD node_modules/har-validator
763 silly ADD node_modules/har-schema
764 silly ADD node_modules/handlebars
765 silly ADD node_modules/growl
766 silly ADD node_modules/graceful-fs
767 silly ADD node_modules/globals
768 silly ADD node_modules/glob-parent
769 silly ADD node_modules/glob
770 silly ADD node_modules/getpass
771 silly ADD node_modules/get-package-type
772 silly ADD node_modules/get-func-name
773 silly ADD node_modules/get-caller-file
774 silly ADD node_modules/gensync
775 silly ADD node_modules/function-bind
776 silly ADD
777 silly ADD node_modules/fs.realpath
778 silly ADD node_modules/fromentries
779 silly ADD node_modules/fresh
780 silly ADD node_modules/forwarded
781 silly ADD node_modules/formidable
782 silly ADD node_modules/form-data
783 silly ADD node_modules/forever-agent
784 silly ADD node_modules/foreground-child
785 silly ADD node_modules/flat
786 silly ADD node_modules/find-up
787 silly ADD node_modules/find-cache-dir
788 silly ADD node_modules/finalhandler
789 silly ADD node_modules/finalhandler/node_modules/ms
790 silly ADD node_modules/finalhandler/node_modules/debug
791 silly ADD node_modules/fill-range
792 silly ADD node_modules/fast-json-stable-stringify
793 silly ADD node_modules/fast-deep-equal
794 silly ADD node_modules/extsprintf
795 silly ADD node_modules/extend
796 silly ADD node_modules/express-handlebars
797 silly ADD node_modules/express
798 silly ADD node_modules/express/node_modules/qs
799 silly ADD node_modules/express/node_modules/ms
800 silly ADD node_modules/express/node_modules/debug
801 silly ADD node_modules/etag
802 silly ADD node_modules/esprima
803 silly ADD node_modules/escape-string-regexp
804 silly ADD node_modules/escape-html
805 silly ADD node_modules/escalade
806 silly ADD node_modules/es6-error
807 silly ADD node_modules/encodeurl
808 silly ADD node_modules/emoji-regex
809 silly ADD node_modules/electron-to-chromium
810 silly ADD node_modules/ee-first
811 silly ADD node_modules/ecc-jsbn
812 silly ADD node_modules/diff
813 silly ADD node_modules/destroy
814 silly ADD node_modules/depd
815 silly ADD node_modules/delayed-stream
816 silly ADD node_modules/define-properties
817 silly ADD node_modules/default-require-extensions
818 silly ADD node_modules/deep-equal
819 silly ADD node_modules/deep-eql
820 silly ADD node_modules/decamelize
821 silly ADD node_modules/debug
822 silly ADD node_modules/dashdash
823 silly ADD node_modules/cross-spawn
824 silly ADD node_modules/core-util-is
825 silly ADD node_modules/cookiejar
826 silly ADD node_modules/cookie-signature
827 silly ADD node_modules/cookie
828 silly ADD node_modules/convert-source-map
829 silly ADD node_modules/content-type
830 silly ADD node_modules/content-disposition
831 silly ADD node_modules/concat-map
832 silly ADD node_modules/component-emitter
833 silly ADD node_modules/commondir
834 silly ADD node_modules/commander
835 silly ADD node_modules/combined-stream
836 silly ADD node_modules/color-name
837 silly ADD node_modules/color-convert
838 silly ADD node_modules/cliui
839 silly ADD node_modules/clean-stack
840 silly ADD node_modules/chokidar
841 silly ADD node_modules/check-error
842 silly ADD node_modules/chalk
843 silly ADD node_modules/chalk/node_modules/supports-color
844 silly ADD node_modules/chai
845 silly ADD node_modules/caseless
846 silly ADD node_modules/caniuse-lite
847 silly ADD node_modules/camelcase
848 silly ADD node_modules/caching-transform
849 silly ADD node_modules/bytes
850 silly ADD node_modules/browserslist
851 silly ADD node_modules/browser-stdout
852 silly ADD node_modules/braces
853 silly ADD node_modules/brace-expansion
854 silly ADD node_modules/body-parser
855 silly ADD node_modules/body-parser/node_modules/qs
856 silly ADD node_modules/body-parser/node_modules/ms
857 silly ADD node_modules/body-parser/node_modules/debug
858 silly ADD node_modules/binary-extensions
859 silly ADD node_modules/bcrypt-pbkdf
860 silly ADD node_modules/balanced-match
861 silly ADD node_modules/aws4
862 silly ADD node_modules/aws-sign2
863 silly ADD node_modules/asynckit
864 silly ADD node_modules/assertion-error
865 silly ADD node_modules/assert-plus
866 silly ADD node_modules/asn1
867 silly ADD node_modules/array-flatten
868 silly ADD node_modules/argparse
869 silly ADD node_modules/archy
870 silly ADD node_modules/append-transform
871 silly ADD node_modules/anymatch
872 silly ADD node_modules/ansi-styles
873 silly ADD node_modules/ansi-regex
874 silly ADD node_modules/ansi-colors
875 silly ADD node_modules/ajv
876 silly ADD node_modules/aggregate-error
877 silly ADD node_modules/accepts
878 silly ADD node_modules/@ungap/promise-all-settled
879 silly ADD node_modules/@jridgewell/trace-mapping
880 silly ADD node_modules/@jridgewell/sourcemap-codec
881 silly ADD node_modules/@jridgewell/resolve-uri
882 silly ADD node_modules/@istanbuljs/schema
883 silly ADD node_modules/@istanbuljs/load-nyc-config
884 silly ADD node_modules/@istanbuljs/load-nyc-config/node_modules/p-locate
885 silly ADD node_modules/@istanbuljs/load-nyc-config/node_modules/p-limit
886 silly ADD node_modules/@istanbuljs/load-nyc-config/node_modules/locate-path
887 silly ADD node_modules/@istanbuljs/load-nyc-config/node_modules/js-yaml
888 silly ADD node_modules/@istanbuljs/load-nyc-config/node_modules/find-up
889 silly ADD node_modules/@istanbuljs/load-nyc-config/node_modules/argparse
890 silly ADD node_modules/@babel/types
891 silly ADD node_modules/@babel/traverse
892 silly ADD node_modules/@babel/traverse/node_modules/ms
893 silly ADD node_modules/@babel/traverse/node_modules/debug
894 silly ADD node_modules/@babel/template
895 silly ADD node_modules/@babel/parser
896 silly ADD node_modules/@babel/highlight
897 silly ADD node_modules/@babel/highlight/node_modules/supports-color
898 silly ADD node_modules/@babel/highlight/node_modules/has-flag
899 silly ADD node_modules/@babel/highlight/node_modules/escape-string-regexp
900 silly ADD node_modules/@babel/highlight/node_modules/color-name
901 silly ADD node_modules/@babel/highlight/node_modules/color-convert
902 silly ADD node_modules/@babel/highlight/node_modules/chalk
903 silly ADD node_modules/@babel/highlight/node_modules/ansi-styles
904 silly ADD node_modules/@babel/helpers
905 silly ADD node_modules/@babel/helper-validator-option
906 silly ADD node_modules/@babel/helper-validator-identifier
907 silly ADD node_modules/@babel/helper-split-export-declaration
908 silly ADD node_modules/@babel/helper-simple-access
909 silly ADD node_modules/@babel/helper-module-transforms
910 silly ADD node_modules/@babel/helper-module-imports
911 silly ADD node_modules/@babel/helper-hoist-variables
912 silly ADD node_modules/@babel/helper-get-function-arity
913 silly ADD node_modules/@babel/helper-function-name
914 silly ADD node_modules/@babel/helper-environment-visitor
915 silly ADD node_modules/@babel/helper-compilation-targets
916 silly ADD node_modules/@babel/helper-compilation-targets/node_modules/semver
917 silly ADD node_modules/@babel/generator
918 silly ADD node_modules/@babel/generator/node_modules/source-map
919 silly ADD node_modules/@babel/core
920 silly ADD node_modules/@babel/core/node_modules/semver
921 silly ADD node_modules/@babel/core/node_modules/ms
922 silly ADD node_modules/@babel/core/node_modules/debug
923 silly ADD node_modules/@babel/compat-data
924 silly ADD node_modules/@babel/code-frame
925 silly ADD node_modules/@ampproject/remapping
926 timing command:install Completed in 6605ms
927 verbose exit 0
928 timing npm Completed in 6774ms
929 info ok
